This is pdfTeX, Version 3.1415926-2.5-1.40.14 (TeX Live 2013/Debian) (format=pdflatex 2014.11.15)  9 JAN 2015 12:12
entering extended mode
 restricted \write18 enabled.
 %&-line parsing enabled.
**report.tex
(./report.tex
LaTeX2e <2011/06/27>
Babel <3.9h> and hyphenation patterns for 78 languages loaded.
(/usr/share/texlive/texmf-dist/tex/latex/base/report.cls
Document Class: report 2007/10/19 v1.4h Standard LaTeX document class
(/usr/share/texlive/texmf-dist/tex/latex/base/size12.clo
File: size12.clo 2007/10/19 v1.4h Standard LaTeX file (size option)
)
\c@part=\count79
\c@chapter=\count80
\c@section=\count81
\c@subsection=\count82
\c@subsubsection=\count83
\c@paragraph=\count84
\c@subparagraph=\count85
\c@figure=\count86
\c@table=\count87
\abovecaptionskip=\skip41
\belowcaptionskip=\skip42
\bibindent=\dimen102
)
(/usr/share/texlive/texmf-dist/tex/latex/pdfscreen/pdfscreen.sty
Package: pdfscreen 2000/07/07 v.1.5 screen PDF design (CVR)

(/usr/share/texlive/texmf-dist/tex/latex/graphics/graphicx.sty
Package: graphicx 1999/02/16 v1.0f Enhanced LaTeX Graphics (DPC,SPQR)

(/usr/share/texlive/texmf-dist/tex/latex/graphics/keyval.sty
Package: keyval 1999/03/16 v1.13 key=value parser (DPC)
\KV@toks@=\toks14
)
(/usr/share/texlive/texmf-dist/tex/latex/graphics/graphics.sty
Package: graphics 2009/02/05 v1.0o Standard LaTeX Graphics (DPC,SPQR)

(/usr/share/texlive/texmf-dist/tex/latex/graphics/trig.sty
Package: trig 1999/03/16 v1.09 sin cos tan (DPC)
)
(/usr/share/texlive/texmf-dist/tex/latex/latexconfig/graphics.cfg
File: graphics.cfg 2010/04/23 v1.9 graphics configuration of TeX Live
)
Package graphics Info: Driver file: pdftex.def on input line 91.

(/usr/share/texlive/texmf-dist/tex/latex/pdftex-def/pdftex.def
File: pdftex.def 2011/05/27 v0.06d Graphics/color for pdfTeX

(/usr/share/texlive/texmf-dist/tex/generic/oberdiek/infwarerr.sty
Package: infwarerr 2010/04/08 v1.3 Providing info/warning/error messages (HO)
)
(/usr/share/texlive/texmf-dist/tex/generic/oberdiek/ltxcmds.sty
Package: ltxcmds 2011/11/09 v1.22 LaTeX kernel commands for general use (HO)
)
\Gread@gobject=\count88
))
\Gin@req@height=\dimen103
\Gin@req@width=\dimen104
)
(/usr/share/texlive/texmf-dist/tex/latex/graphics/color.sty
Package: color 2005/11/14 v1.0j Standard LaTeX Color (DPC)

(/usr/share/texlive/texmf-dist/tex/latex/latexconfig/color.cfg
File: color.cfg 2007/01/18 v1.5 color configuration of teTeX/TeXLive
)
Package color Info: Driver file: pdftex.def on input line 130.
)
(/usr/share/texlive/texmf-dist/tex/latex/tools/calc.sty
Package: calc 2007/08/22 v4.3 Infix arithmetic (KKT,FJ)
\calc@Acount=\count89
\calc@Bcount=\count90
\calc@Adimen=\dimen105
\calc@Bdimen=\dimen106
\calc@Askip=\skip43
\calc@Bskip=\skip44
LaTeX Info: Redefining \setlength on input line 76.
LaTeX Info: Redefining \addtolength on input line 77.
\calc@Ccount=\count91
\calc@Cskip=\skip45
)
(/usr/share/texlive/texmf-dist/tex/latex/comment/comment.sty
\CommentStream=\write3

Excluding comment 'comment')
\c@panel=\count92
\c@driver=\count93
\c@scheme=\count94

(/usr/share/texlive/texmf-dist/tex/latex/amsfonts/amssymb.sty
Package: amssymb 2013/01/14 v3.01 AMS font symbols

(/usr/share/texlive/texmf-dist/tex/latex/amsfonts/amsfonts.sty
Package: amsfonts 2013/01/14 v3.01 Basic AMSFonts support
\@emptytoks=\toks15
\symAMSa=\mathgroup4
\symAMSb=\mathgroup5
LaTeX Font Info:    Overwriting math alphabet `\mathfrak' in version `bold'
(Font)                  U/euf/m/n --> U/euf/b/n on input line 106.
))
(/usr/share/texlive/texmf-dist/tex/latex/hyperref/hyperref.sty
Package: hyperref 2012/11/06 v6.83m Hypertext links for LaTeX

(/usr/share/texlive/texmf-dist/tex/generic/oberdiek/hobsub-hyperref.sty
Package: hobsub-hyperref 2012/05/28 v1.13 Bundle oberdiek, subset hyperref (HO)


(/usr/share/texlive/texmf-dist/tex/generic/oberdiek/hobsub-generic.sty
Package: hobsub-generic 2012/05/28 v1.13 Bundle oberdiek, subset generic (HO)
Package: hobsub 2012/05/28 v1.13 Construct package bundles (HO)
Package hobsub Info: Skipping package `infwarerr' (already loaded).
Package hobsub Info: Skipping package `ltxcmds' (already loaded).
Package: ifluatex 2010/03/01 v1.3 Provides the ifluatex switch (HO)
Package ifluatex Info: LuaTeX not detected.
Package: ifvtex 2010/03/01 v1.5 Detect VTeX and its facilities (HO)
Package ifvtex Info: VTeX not detected.
Package: intcalc 2007/09/27 v1.1 Expandable calculations with integers (HO)
Package: ifpdf 2011/01/30 v2.3 Provides the ifpdf switch (HO)
Package ifpdf Info: pdfTeX in PDF mode is detected.
Package: etexcmds 2011/02/16 v1.5 Avoid name clashes with e-TeX commands (HO)
Package etexcmds Info: Could not find \expanded.
(etexcmds)             That can mean that you are not using pdfTeX 1.50 or
(etexcmds)             that some package has redefined \expanded.
(etexcmds)             In the latter case, load this package earlier.
Package: kvsetkeys 2012/04/25 v1.16 Key value parser (HO)
Package: kvdefinekeys 2011/04/07 v1.3 Define keys (HO)
Package: pdftexcmds 2011/11/29 v0.20 Utility functions of pdfTeX for LuaTeX (HO
)
Package pdftexcmds Info: LuaTeX not detected.
Package pdftexcmds Info: \pdf@primitive is available.
Package pdftexcmds Info: \pdf@ifprimitive is available.
Package pdftexcmds Info: \pdfdraftmode found.
Package: pdfescape 2011/11/25 v1.13 Implements pdfTeX's escape features (HO)
Package: bigintcalc 2012/04/08 v1.3 Expandable calculations on big integers (HO
)
Package: bitset 2011/01/30 v1.1 Handle bit-vector datatype (HO)
Package: uniquecounter 2011/01/30 v1.2 Provide unlimited unique counter (HO)
)
Package hobsub Info: Skipping package `hobsub' (already loaded).
Package: letltxmacro 2010/09/02 v1.4 Let assignment for LaTeX macros (HO)
Package: hopatch 2012/05/28 v1.2 Wrapper for package hooks (HO)
Package: xcolor-patch 2011/01/30 xcolor patch
Package: atveryend 2011/06/30 v1.8 Hooks at the very end of document (HO)
Package atveryend Info: \enddocument detected (standard20110627).
Package: atbegshi 2011/10/05 v1.16 At begin shipout hook (HO)
Package: refcount 2011/10/16 v3.4 Data extraction from label references (HO)
Package: hycolor 2011/01/30 v1.7 Color options for hyperref/bookmark (HO)
)
(/usr/share/texlive/texmf-dist/tex/generic/ifxetex/ifxetex.sty
Package: ifxetex 2010/09/12 v0.6 Provides ifxetex conditional
)
(/usr/share/texlive/texmf-dist/tex/latex/oberdiek/auxhook.sty
Package: auxhook 2011/03/04 v1.3 Hooks for auxiliary files (HO)
)
(/usr/share/texlive/texmf-dist/tex/latex/oberdiek/kvoptions.sty
Package: kvoptions 2011/06/30 v3.11 Key value format for package options (HO)
)
\@linkdim=\dimen107
\Hy@linkcounter=\count95
\Hy@pagecounter=\count96

(/usr/share/texlive/texmf-dist/tex/latex/hyperref/pd1enc.def
File: pd1enc.def 2012/11/06 v6.83m Hyperref: PDFDocEncoding definition (HO)
)
\Hy@SavedSpaceFactor=\count97

(/usr/share/texlive/texmf-dist/tex/latex/latexconfig/hyperref.cfg
File: hyperref.cfg 2002/06/06 v1.2 hyperref configuration of TeXLive
)
Package hyperref Info: Option `bookmarksopen' set `true' on input line 4319.
Package hyperref Info: Option `colorlinks' set `true' on input line 4319.
Package hyperref Info: Hyper figures OFF on input line 4443.
Package hyperref Info: Link nesting OFF on input line 4448.
Package hyperref Info: Hyper index ON on input line 4451.
Package hyperref Info: Plain pages OFF on input line 4458.
Package hyperref Info: Backreferencing OFF on input line 4463.
Package hyperref Info: Implicit mode ON; LaTeX internals redefined.
Package hyperref Info: Bookmarks ON on input line 4688.
\c@Hy@tempcnt=\count98

(/usr/share/texlive/texmf-dist/tex/latex/url/url.sty
\Urlmuskip=\muskip10
Package: url 2013/09/16  ver 3.4  Verb mode for urls, etc.
)
LaTeX Info: Redefining \url on input line 5041.
\XeTeXLinkMargin=\dimen108
\Fld@menulength=\count99
\Field@Width=\dimen109
\Fld@charsize=\dimen110
Package hyperref Info: Hyper figures OFF on input line 6295.
Package hyperref Info: Link nesting OFF on input line 6300.
Package hyperref Info: Hyper index ON on input line 6303.
Package hyperref Info: backreferencing OFF on input line 6310.
Package hyperref Info: Link coloring ON on input line 6313.
Package hyperref Info: Link coloring with OCG OFF on input line 6320.
Package hyperref Info: PDF/A mode OFF on input line 6325.
LaTeX Info: Redefining \ref on input line 6365.
LaTeX Info: Redefining \pageref on input line 6369.
\Hy@abspage=\count100
\c@Item=\count101
\c@Hfootnote=\count102
)

Package hyperref Message: Driver: hpdftex.

(/usr/share/texlive/texmf-dist/tex/latex/hyperref/hpdftex.def
File: hpdftex.def 2012/11/06 v6.83m Hyperref driver for pdfTeX
\Fld@listcount=\count103
\c@bookmark@seq@number=\count104

(/usr/share/texlive/texmf-dist/tex/latex/oberdiek/rerunfilecheck.sty
Package: rerunfilecheck 2011/04/15 v1.7 Rerun checks for auxiliary files (HO)
Package uniquecounter Info: New unique counter `rerunfilecheck' on input line 2
82.
)
\Hy@SectionHShift=\skip46
)
Include comment 'print' Excluding comment 'screen'
(/usr/share/texlive/texmf-dist/tex/latex/fancybox/fancybox.sty
Package: fancybox 2010/05/15 1.4

Style option: `fancybox' v1.4 <2010/05/15> (tvz)
\@fancybox=\box26
\shadowsize=\dimen111
\@Sbox=\box27
\do@VerbBox=\toks16
\the@fancyput=\toks17
\this@fancyput=\toks18
\EndVerbatimTokens=\toks19
\Verbatim@Outfile=\write4
\Verbatim@Infile=\read1
)
\@PDFmpht=\dimen112
\c@slide=\count105
\c@slideoverlay=\count106
) Including 'print' comment.
\openout3 = `comment.cut'.

 Straight input of comment.cut. (./comment.cut
(/usr/share/texlive/texmf-dist/tex/latex/lastpage/lastpage.sty
Package: lastpage 2013/01/28 v1.2l Refers to last page's name (HMM; JPG)
)
(./macro/macro.sty)
(/usr/share/texlive/texmf-dist/tex/latex/fancyhdr/fancyhdr.sty
\fancy@headwidth=\skip47
\f@ncyO@elh=\skip48
\f@ncyO@erh=\skip49
\f@ncyO@olh=\skip50
\f@ncyO@orh=\skip51
\f@ncyO@elf=\skip52
\f@ncyO@erf=\skip53
\f@ncyO@olf=\skip54
\f@ncyO@orf=\skip55
)
(/usr/share/texlive/texmf-dist/tex/latex/tools/verbatim.sty
Package: verbatim 2003/08/22 v1.5q LaTeX2e package for verbatim enhancements
\every@verbatim=\toks20
\verbatim@line=\toks21
\verbatim@in@stream=\read2
)
(/usr/share/texlive/texmf-dist/tex/latex/geometry/geometry.sty
Package: geometry 2010/09/12 v5.6 Page Geometry
\Gm@cnth=\count107
\Gm@cntv=\count108
\c@Gm@tempcnt=\count109
\Gm@bindingoffset=\dimen113
\Gm@wd@mp=\dimen114
\Gm@odd@mp=\dimen115
\Gm@even@mp=\dimen116
\Gm@layoutwidth=\dimen117
\Gm@layoutheight=\dimen118
\Gm@layouthoffset=\dimen119
\Gm@layoutvoffset=\dimen120
\Gm@dimlist=\toks22
))
Excluding 'screen' comment. (./report.aux)
\openout1 = `report.aux'.

LaTeX Font Info:    Checking defaults for OML/cmm/m/it on input line 48.
LaTeX Font Info:    ... okay on input line 48.
LaTeX Font Info:    Checking defaults for T1/cmr/m/n on input line 48.
LaTeX Font Info:    ... okay on input line 48.
LaTeX Font Info:    Checking defaults for OT1/cmr/m/n on input line 48.
LaTeX Font Info:    ... okay on input line 48.
LaTeX Font Info:    Checking defaults for OMS/cmsy/m/n on input line 48.
LaTeX Font Info:    ... okay on input line 48.
LaTeX Font Info:    Checking defaults for OMX/cmex/m/n on input line 48.
LaTeX Font Info:    ... okay on input line 48.
LaTeX Font Info:    Checking defaults for U/cmr/m/n on input line 48.
LaTeX Font Info:    ... okay on input line 48.
LaTeX Font Info:    Checking defaults for PD1/pdf/m/n on input line 48.
LaTeX Font Info:    ... okay on input line 48.

(/usr/share/texlive/texmf-dist/tex/context/base/supp-pdf.mkii
[Loading MPS to PDF converter (version 2006.09.02).]
\scratchcounter=\count110
\scratchdimen=\dimen121
\scratchbox=\box28
\nofMPsegments=\count111
\nofMParguments=\count112
\everyMPshowfont=\toks23
\MPscratchCnt=\count113
\MPscratchDim=\dimen122
\MPnumerator=\count114
\makeMPintoPDFobject=\count115
\everyMPtoPDFconversion=\toks24
) (/usr/share/texlive/texmf-dist/tex/latex/oberdiek/epstopdf-base.sty
Package: epstopdf-base 2010/02/09 v2.5 Base part for package epstopdf

(/usr/share/texlive/texmf-dist/tex/latex/oberdiek/grfext.sty
Package: grfext 2010/08/19 v1.1 Manage graphics extensions (HO)
)
Package grfext Info: Graphics extension search list:
(grfext)             [.png,.pdf,.jpg,.mps,.jpeg,.jbig2,.jb2,.PNG,.PDF,.JPG,.JPE
G,.JBIG2,.JB2,.eps]
(grfext)             \AppendGraphicsExtensions on input line 452.

(/usr/share/texlive/texmf-dist/tex/latex/latexconfig/epstopdf-sys.cfg
File: epstopdf-sys.cfg 2010/07/13 v1.3 Configuration of (r)epstopdf for TeX Liv
e
))
\AtBeginShipoutBox=\box29
Package hyperref Info: Link coloring ON on input line 48.

(/usr/share/texlive/texmf-dist/tex/latex/hyperref/nameref.sty
Package: nameref 2012/10/27 v2.43 Cross-referencing by name of section

(/usr/share/texlive/texmf-dist/tex/generic/oberdiek/gettitlestring.sty
Package: gettitlestring 2010/12/03 v1.4 Cleanup title references (HO)
)
\c@section@level=\count116
)
LaTeX Info: Redefining \ref on input line 48.
LaTeX Info: Redefining \pageref on input line 48.
LaTeX Info: Redefining \nameref on input line 48.

(./report.out) (./report.out)
\@outlinefile=\write5
\openout5 = `report.out'.

Package lastpage Info: Please have a look at the pageslts package at
(lastpage)             http://www.ctan.org/tex-archive/ 
(lastpage)             macros/latex/contrib/pageslts/ 
(lastpage)             or
(lastpage)             http://www.ctan.org/tex-archive/ 
(lastpage)             install/macros/latex/contrib/pageslts.tds.zip
(lastpage)             ! on input line 48.

*geometry* driver: auto-detecting
*geometry* detected driver: pdftex
*geometry* verbose mode - [ preamble ] result:
* driver: pdftex
* paper: <default>
* layout: <same size as paper>
* layoutoffset:(h,v)=(0.0pt,0.0pt)
* modes: 
* h-part:(L,W,R)=(99.58464pt, 472.03123pt, 42.67912pt)
* v-part:(T,H,B)=(71.13188pt, 681.15898pt, 42.67912pt)
* \paperwidth=614.295pt
* \paperheight=794.96999pt
* \textwidth=472.03123pt
* \textheight=681.15898pt
* \oddsidemargin=27.31465pt
* \evensidemargin=27.31465pt
* \topmargin=-38.1381pt
* \headheight=12.0pt
* \headsep=25.0pt
* \topskip=12.0pt
* \footskip=30.0pt
* \marginparwidth=44.0pt
* \marginparsep=10.0pt
* \columnsep=10.0pt
* \skip\footins=10.8pt plus 4.0pt minus 2.0pt
* \hoffset=0.0pt
* \voffset=0.0pt
* \mag=1000
* \@twocolumnfalse
* \@twosidefalse
* \@mparswitchfalse
* \@reversemarginfalse
* (1in=72.27pt=25.4mm, 1cm=28.453pt)

(./input/titlepage.tex) Excluding 'screen' comment.
<images/gne.jpg, id=285, 160.6pt x 167.62625pt>
File: images/gne.jpg Graphic file (type jpg)
 <use images/gne.jpg>
Package pdftex.def Info: images/gne.jpg used on input line 55.
(pdftex.def)             Requested size: 112.41922pt x 117.33755pt.
LaTeX Font Info:    Try loading font information for U+msa on input line 55.

(/usr/share/texlive/texmf-dist/tex/latex/amsfonts/umsa.fd
File: umsa.fd 2013/01/14 v3.01 AMS symbols A
)
LaTeX Font Info:    Try loading font information for U+msb on input line 55.

(/usr/share/texlive/texmf-dist/tex/latex/amsfonts/umsb.fd
File: umsb.fd 2013/01/14 v3.01 AMS symbols B
) [1

{/var/lib/texmf/fonts/map/pdftex/updmap/pdftex.map} <./images/gne.jpg>]
(./input/whomayiconcern.tex
Missing character: There is no ‚ in font cmr12!
Missing character: There is no Ä in font cmr12!
Missing character: There is no ú in font cmr12!
Missing character: There is no ‚ in font cmr12!
Missing character: There is no Ä in font cmr12!
Missing character: There is no ù in font cmr12!

Underfull \hbox (badness 10000) in paragraph at lines 11--13

 []


Underfull \hbox (badness 10000) in paragraph at lines 14--15

 []

) [1] (./input/Acknowledgement.tex
Underfull \hbox (badness 10000) in paragraph at lines 4--7

 []


Underfull \hbox (badness 10000) in paragraph at lines 4--7

 []


Underfull \hbox (badness 10000) in paragraph at lines 4--7

 []


Underfull \hbox (badness 10000) in paragraph at lines 4--7

 []

) [2] (./input/abstract.tex
Missing character: There is no ‚ in font cmr12!
Missing character: There is no Ä in font cmr12!
Missing character: There is no ò in font cmr12!
Missing character: There is no ‚ in font cmr12!
Missing character: There is no Ä in font cmr12!
Missing character: There is no ô in font cmr12!

Underfull \hbox (badness 10000) in paragraph at lines 4--21

 []


Underfull \hbox (badness 10000) in paragraph at lines 4--21

 []


Underfull \hbox (badness 10000) in paragraph at lines 4--21

 []

) [3] (./report.toc [4

])
\tf@toc=\write6
\openout6 = `report.toc'.

 [5] (./report.lof)
\tf@lof=\write7
\openout7 = `report.lof'.

 [6

]
Chapter 1.
(./input/organisation.tex <images/gndec.jpg, id=465, 301.125pt x 225.84375pt>
File: images/gndec.jpg Graphic file (type jpg)

<use images/gndec.jpg>
Package pdftex.def Info: images/gndec.jpg used on input line 1.
(pdftex.def)             Requested size: 210.78606pt x 158.08954pt.

Underfull \hbox (badness 10000) in paragraph at lines 2--19

 []


Underfull \hbox (badness 10000) in paragraph at lines 2--19

 []


Underfull \hbox (badness 10000) in paragraph at lines 2--19

 []


Underfull \hbox (badness 10000) in paragraph at lines 2--19

 []

LaTeX Font Info:    Try loading font information for OMS+cmr on input line 20.
(/usr/share/texlive/texmf-dist/tex/latex/base/omscmr.fd
File: omscmr.fd 1999/05/25 v2.5h Standard LaTeX font definitions
)
LaTeX Font Info:    Font shape `OMS/cmr/m/n' in size <12> not available
(Font)              Font shape `OMS/cmsy/m/n' tried instead on input line 20.
pdfTeX warning (ext4): destination with the same identifier (name{page.1}) has 
been already used, duplicate ignored
<to be read again> 
                   \relax 
l.23 \item T
            o achieve total financial independence. [1

 <./images/gndec.jpg>]

Package hyperref Warning: Difference (2) between bookmark levels is greater 
(hyperref)                than one, level fixed on input line 26.

<images/aw.jpg, id=470, 500.87125pt x 232.87pt>
File: images/aw.jpg Graphic file (type jpg)
 <use images/aw.jpg>
Package pdftex.def Info: images/aw.jpg used on input line 33.
(pdftex.def)             Requested size: 450.77994pt x 209.58104pt.

Underfull \hbox (badness 10000) in paragraph at lines 27--43

 []

[2 <./images/aw.jpg>]
Missing character: There is no ‚ in font cmr12!
Missing character: There is no Ä in font cmr12!
Missing character: There is no ò in font cmr12!
Missing character: There is no ‚ in font cmr12!
Missing character: There is no Ä in font cmr12!
Missing character: There is no ô in font cmr12!

Underfull \hbox (badness 10000) in paragraph at lines 55--57

 []


Underfull \hbox (badness 10000) in paragraph at lines 65--68

 []


Underfull \hbox (badness 10000) in paragraph at lines 65--68

 []

[3]
Underfull \hbox (badness 10000) in paragraph at lines 76--79

 []


Underfull \hbox (badness 10000) in paragraph at lines 76--79

 []


Underfull \hbox (badness 10000) in paragraph at lines 76--79

 []


Underfull \hbox (badness 10000) in paragraph at lines 80--83

 []


Underfull \hbox (badness 10000) in paragraph at lines 80--83

 []

[4]
Missing character: There is no ‚ in font cmr12!
Missing character: There is no Ä in font cmr12!
Missing character: There is no ú in font cmr12!
Missing character: There is no ‚ in font cmr12!
Missing character: There is no Ä in font cmr12!
Missing character: There is no ù in font cmr12!

Underfull \hbox (badness 10000) in paragraph at lines 89--91

 []


Underfull \hbox (badness 10000) in paragraph at lines 98--101

 []


Underfull \hbox (badness 10000) in paragraph at lines 98--101

 []


Underfull \hbox (badness 10000) in paragraph at lines 98--101

 []

Missing character: There is no ‚ in font cmr12!
Missing character: There is no Ä in font cmr12!
Missing character: There is no ò in font cmr12!
Missing character: There is no ‚ in font cmr12!
Missing character: There is no Ä in font cmr12!
Missing character: There is no ô in font cmr12!

Underfull \hbox (badness 10000) in paragraph at lines 109--124

 []


Underfull \hbox (badness 10000) in paragraph at lines 109--124

 []


Underfull \hbox (badness 10000) in paragraph at lines 109--124

 []

[5]
Underfull \hbox (badness 10000) in paragraph at lines 125--135

 []


Underfull \hbox (badness 10000) in paragraph at lines 138--145

 []


Underfull \hbox (badness 10000) in paragraph at lines 138--145

 []


Underfull \hbox (badness 10000) in paragraph at lines 148--155

 []


Underfull \hbox (badness 10000) in paragraph at lines 148--155

 []

[6]
Underfull \hbox (badness 10000) in paragraph at lines 157--164

 []


Underfull \hbox (badness 10000) in paragraph at lines 157--164

 []

)
Underfull \hbox (badness 10000) in paragraph at lines 167--81

 []


Underfull \hbox (badness 10000) in paragraph at lines 167--81

 []

[7]
Chapter 2.
(./input/django.tex

Package hyperref Warning: Difference (2) between bookmark levels is greater 
(hyperref)                than one, level fixed on input line 1.


Underfull \hbox (badness 10000) in paragraph at lines 3--8

 []


Underfull \hbox (badness 10000) in paragraph at lines 3--8

 []


Underfull \hbox (badness 10000) in paragraph at lines 22--24

 []

[8

]
Underfull \hbox (badness 10000) in paragraph at lines 43--44

 []

<images/regx.png, id=501, 936.49875pt x 523.9575pt>
File: images/regx.png Graphic file (type png)
 <use images/regx.png>
Package pdftex.def Info: images/regx.png used on input line 61.
(pdftex.def)             Requested size: 280.95178pt x 157.18846pt.

Underfull \hbox (badness 10000) in paragraph at lines 58--64

 []

[9]
Underfull \hbox (badness 10000) in paragraph at lines 82--86

 []


Underfull \hbox (badness 10000) in paragraph at lines 82--86

 []

[10 <./images/regx.png>]
Missing character: There is no ‚ in font cmr12!
Missing character: There is no Ä in font cmr12!
Missing character: There is no ì in font cmr12!
Missing character: There is no ‚ in font cmr12!
Missing character: There is no Ä in font cmr12!
Missing character: There is no ú in font cmr12!
Missing character: There is no ‚ in font cmr12!
Missing character: There is no Ä in font cmr12!
Missing character: There is no ù in font cmr12!
Missing character: There is no ‚ in font cmr12!
Missing character: There is no Ä in font cmr12!
Missing character: There is no ú in font cmr12!
Missing character: There is no ‚ in font cmr12!
Missing character: There is no Ä in font cmr12!
Missing character: There is no ù in font cmr12!
Missing character: There is no ‚ in font cmr12!
Missing character: There is no Ä in font cmr12!
Missing character: There is no ú in font cmr12!
Missing character: There is no ‚ in font cmr12!
Missing character: There is no Ä in font cmr12!
Missing character: There is no ù in font cmr12!
 <images/BNF.png, id=511, 767.86874pt x 739.76375pt>
File: images/BNF.png Graphic file (type png)

<use images/BNF.png>
Package pdftex.def Info: images/BNF.png used on input line 103.
(pdftex.def)             Requested size: 230.3624pt x 221.93083pt.

Underfull \hbox (badness 10000) in paragraph at lines 88--106

 []


Underfull \hbox (badness 10000) in paragraph at lines 88--106

 []

[11 <./images/BNF.png>]
Underfull \hbox (badness 10000) in paragraph at lines 108--109

 []


Underfull \hbox (badness 10000) in paragraph at lines 108--109

 []

Missing character: There is no ‚ in font cmr12!
Missing character: There is no Ä in font cmr12!
Missing character: There is no ì in font cmr12!
Missing character: There is no ‚ in font cmr12!
Missing character: There is no Ä in font cmr12!
Missing character: There is no ì in font cmr12!
Missing character: There is no ‚ in font cmr12!
Missing character: There is no Ä in font cmr12!
Missing character: There is no ì in font cmr12!
Missing character: There is no ‚ in font cmr12!
Missing character: There is no Ä in font cmr12!
Missing character: There is no ì in font cmr12!

Underfull \hbox (badness 10000) in paragraph at lines 129--131

 []

[12]) [13]
Chapter 3.
(./input/python.tex

Package hyperref Warning: Difference (2) between bookmark levels is greater 
(hyperref)                than one, level fixed on input line 1.


Underfull \hbox (badness 10000) in paragraph at lines 2--12

 []


Underfull \hbox (badness 10000) in paragraph at lines 2--12

 []


Underfull \hbox (badness 10000) in paragraph at lines 27--32

 []


Underfull \hbox (badness 10000) in paragraph at lines 27--32

 []

[14

]
Underfull \hbox (badness 10000) in paragraph at lines 51--54

 []


Underfull \hbox (badness 10000) in paragraph at lines 51--54

 []


Underfull \hbox (badness 10000) in paragraph at lines 51--54

 []


Underfull \hbox (badness 10000) in paragraph at lines 55--67

 []


Underfull \hbox (badness 10000) in paragraph at lines 55--67

 []


Underfull \hbox (badness 10000) in paragraph at lines 55--67

 []


Underfull \hbox (badness 10000) in paragraph at lines 55--67

 []

[15]
Missing character: There is no ‚ in font cmr12!
Missing character: There is no Ä in font cmr12!
Missing character: There is no ô in font cmr12!

Underfull \hbox (badness 10000) in paragraph at lines 68--96

 []


Underfull \hbox (badness 10000) in paragraph at lines 68--96

 []


Underfull \hbox (badness 10000) in paragraph at lines 68--96

 []


Underfull \hbox (badness 10000) in paragraph at lines 68--96

 []


Underfull \hbox (badness 10000) in paragraph at lines 68--96

 []


Underfull \hbox (badness 10000) in paragraph at lines 68--96

 []

[16]
Underfull \hbox (badness 10000) in paragraph at lines 103--109

 []


Underfull \hbox (badness 10000) in paragraph at lines 103--109

 []


Underfull \hbox (badness 10000) in paragraph at lines 103--109

 []

<images/bison.png, id=542, 811.03pt x 331.2375pt>
File: images/bison.png Graphic file (type png)
 <use images/bison.png>
Package pdftex.def Info: images/bison.png used on input line 120.
(pdftex.def)             Requested size: 405.514pt x 165.61833pt.

Underfull \hbox (badness 10000) in paragraph at lines 110--123

 []


Underfull \hbox (badness 10000) in paragraph at lines 110--123

 []


LaTeX Warning: `h' float specifier changed to `ht'.

<images/command.png, id=543, 1371.1225pt x 770.88pt>
File: images/command.png Graphic file (type png)
 <use images/command.png>
Package pdftex.def Info: images/command.png used on input line 128.
(pdftex.def)             Requested size: 685.55957pt x 385.43906pt.

Overfull \hbox (213.52834pt too wide) in paragraph at lines 128--129
 [][] 
 []


Underfull \hbox (badness 10000) in paragraph at lines 124--131

 []

[17]

LaTeX Warning: `h' float specifier changed to `ht'.


Underfull \hbox (badness 10000) in paragraph at lines 132--150

 []

) [18 <./images/bison.png>] [19 <./images/command.png>]
Chapter 4.
(./input/latex.tex

Package hyperref Warning: Difference (2) between bookmark levels is greater 
(hyperref)                than one, level fixed on input line 1.


Underfull \hbox (badness 10000) in paragraph at lines 3--5

 []


Underfull \hbox (badness 10000) in paragraph at lines 3--5

 []


Underfull \hbox (badness 10000) in paragraph at lines 7--9

 []


Underfull \hbox (badness 10000) in paragraph at lines 7--9

 []


Underfull \hbox (badness 10000) in paragraph at lines 11--13

 []


Underfull \hbox (badness 10000) in paragraph at lines 11--13

 []

[20

]
Underfull \hbox (badness 10000) in paragraph at lines 19--20

 []


Underfull \hbox (badness 10000) in paragraph at lines 19--20

 []


Underfull \hbox (badness 10000) in paragraph at lines 28--41

 []


Underfull \hbox (badness 10000) in paragraph at lines 28--41

 []


Underfull \hbox (badness 10000) in paragraph at lines 28--41

 []


Underfull \hbox (badness 10000) in paragraph at lines 28--41

 []

Missing character: There is no ‚ in font cmr12!
Missing character: There is no Ä in font cmr12!
Missing character: There is no ò in font cmr12!
Missing character: There is no ‚ in font cmr12!
Missing character: There is no Ä in font cmr12!
Missing character: There is no ô in font cmr12!
Missing character: There is no ‚ in font cmr12!
Missing character: There is no Ä in font cmr12!
Missing character: There is no ú in font cmr12!
Missing character: There is no ‚ in font cmr12!
Missing character: There is no Ä in font cmr12!
Missing character: There is no ù in font cmr12!
Missing character: There is no ‚ in font cmr12!
Missing character: There is no Ä in font cmr12!
Missing character: There is no ú in font cmr12!
Missing character: There is no ‚ in font cmr12!
Missing character: There is no Ä in font cmr12!
Missing character: There is no ù in font cmr12!
<images/bisondev.jpg, id=561, 120.45pt x 120.45pt>
File: images/bisondev.jpg Graphic file (type jpg)
 <use images/bisondev.jpg>
Package pdftex.def Info: images/bisondev.jpg used on input line 52.
(pdftex.def)             Requested size: 180.67453pt x 180.67453pt.
Missing character: There is no ‚ in font cmr12!
Missing character: There is no Ä in font cmr12!
Missing character: There is no ú in font cmr12!
Missing character: There is no ‚ in font cmr12!
Missing character: There is no Ä in font cmr12!
Missing character: There is no ù in font cmr12!
Missing character: There is no ‚ in font cmr12!
Missing character: There is no Ä in font cmr12!
Missing character: There is no ô in font cmr12!

Underfull \hbox (badness 10000) in paragraph at lines 43--65

 []


Underfull \hbox (badness 10000) in paragraph at lines 43--65

 []


Underfull \hbox (badness 10000) in paragraph at lines 43--65

 []


Underfull \hbox (badness 10000) in paragraph at lines 43--65

 []

[21]
Missing character: There is no ‚ in font cmr12!
Missing character: There is no Ä in font cmr12!
Missing character: There is no ô in font cmr12!

Underfull \hbox (badness 10000) in paragraph at lines 68--71

 []


Underfull \hbox (badness 10000) in paragraph at lines 68--71

 []


Underfull \hbox (badness 10000) in paragraph at lines 68--71

 []

[22 <./images/bisondev.jpg>]
Underfull \hbox (badness 10000) in paragraph at lines 72--73

 []


Underfull \hbox (badness 10000) in paragraph at lines 72--73

 []

Missing character: There is no ‚ in font cmr12!
Missing character: There is no Ä in font cmr12!
Missing character: There is no ì in font cmr12!
Missing character: There is no ‚ in font cmr12!
Missing character: There is no Ä in font cmr12!
Missing character: There is no ì in font cmr12!
Missing character: There is no ‚ in font cmr12!
Missing character: There is no Ä in font cmr12!
Missing character: There is no ì in font cmr12!
Missing character: There is no ‚ in font cmr12!
Missing character: There is no Ä in font cmr12!
Missing character: There is no ì in font cmr12!
<images/dxf.png, id=572, 484.81125pt x 204.765pt>
File: images/dxf.png Graphic file (type png)
 <use images/dxf.png>
Package pdftex.def Info: images/dxf.png used on input line 102.
(pdftex.def)             Requested size: 145.44449pt x 61.42996pt.
 [23]
Underfull \hbox (badness 10000) in paragraph at lines 107--113

 []

<images/latex.png, id=579, 803.0pt x 334.24875pt>
File: images/latex.png Graphic file (type png)
 <use images/latex.png>
Package pdftex.def Info: images/latex.png used on input line 131.
(pdftex.def)             Requested size: 160.59715pt x 66.84856pt.


LaTeX Warning: `h' float specifier changed to `ht'.

Missing character: There is no À in font cmr12!
Missing character: There is no à in font cmr12!
Missing character: There is no … in font cmr12!
Missing character: There is no ™ in font cmr12!
Missing character: There is no … in font cmr12!
Missing character: There is no õ in font cmr12!
Missing character: There is no À in font cmr12!
Missing character: There is no à in font cmr12!
Missing character: There is no … in font cmr12!
Missing character: There is no ™ in font cmr12!
Missing character: There is no … in font cmr12!
Missing character: There is no õ in font cmr12!
Missing character: There is no À in font cmr12!
Missing character: There is no à in font cmr12!
Missing character: There is no … in font cmr12!
Missing character: There is no ë in font cmr12!
Missing character: There is no À in font cmr12!
Missing character: There is no ê in font cmr12!
Missing character: There is no … in font cmr12!
Missing character: There is no õ in font cmr12!
Missing character: There is no À in font cmr12!
Missing character: There is no à in font cmr12!
Missing character: There is no … in font cmr12!
Missing character: There is no ë in font cmr12!
Missing character: There is no À in font cmr12!
Missing character: There is no ê in font cmr12!
Missing character: There is no … in font cmr12!
Missing character: There is no õ in font cmr12!
<images/donald.jpg, id=581, 200.75pt x 250.9375pt>
File: images/donald.jpg Graphic file (type jpg)
 <use images/donald.jpg>
Package pdftex.def Info: images/donald.jpg used on input line 138.
(pdftex.def)             Requested size: 80.29857pt x 100.37321pt.

[24 <./images/dxf.png>]
Underfull \hbox (badness 10000) in paragraph at lines 165--167

 []

[25 <./images/latex.png> <./images/donald.jpg>]
Underfull \hbox (badness 10000) in paragraph at lines 167--170

 []


Underfull \hbox (badness 10000) in paragraph at lines 167--170

 []


Underfull \hbox (badness 10000) in paragraph at lines 170--172

 []


Underfull \hbox (badness 10000) in paragraph at lines 170--172

 []


Underfull \hbox (badness 10000) in paragraph at lines 172--173

 []


Underfull \hbox (badness 10000) in paragraph at lines 172--173

 []


Underfull \hbox (badness 10000) in paragraph at lines 173--179

 []


Underfull \hbox (badness 10000) in paragraph at lines 173--179

 []

File: images/regx.png Graphic file (type png)
<use images/regx.png>
Package pdftex.def Info: images/regx.png used on input line 185.
(pdftex.def)             Requested size: 280.95178pt x 157.18846pt.

Underfull \hbox (badness 10000) in paragraph at lines 182--188

 []

[26]
Underfull \hbox (badness 10000) in paragraph at lines 190--195

 []


Underfull \hbox (badness 10000) in paragraph at lines 190--195

 []

<images/github.png, id=599, 582.175pt x 230.8625pt>
File: images/github.png Graphic file (type png)
 <use images/github.png>
Package pdftex.def Info: images/github.png used on input line 198.
(pdftex.def)             Requested size: 174.65384pt x 69.25928pt.

[27 <./images/github.png>]
Underfull \hbox (badness 10000) in paragraph at lines 221--222

 []

Missing character: There is no ‚ in font cmr12!
Missing character: There is no Ä in font cmr12!
Missing character: There is no ò in font cmr12!
Missing character: There is no ‚ in font cmr12!
Missing character: There is no Ä in font cmr12!
Missing character: There is no ô in font cmr12!
Missing character: There is no ‚ in font cmr12!
Missing character: There is no Ä in font cmr12!
Missing character: There is no ò in font cmr12!
Missing character: There is no ‚ in font cmr12!
Missing character: There is no Ä in font cmr12!
Missing character: There is no ô in font cmr12!
Missing character: There is no ‚ in font cmr12!
Missing character: There is no Ä in font cmr12!
Missing character: There is no ù in font cmr12!
Missing character: There is no ‚ in font cmr12!
Missing character: There is no Ä in font cmr12!
Missing character: There is no ù in font cmr12!
Missing character: There is no ‚ in font cmr12!
Missing character: There is no Ä in font cmr12!
Missing character: There is no ù in font cmr12!
Missing character: There is no ‚ in font cmr12!
Missing character: There is no Ä in font cmr12!
Missing character: There is no ù in font cmr12!

Underfull \hbox (badness 10000) in paragraph at lines 260--275

 []

[28]
Underfull \hbox (badness 10000) in paragraph at lines 276--278

 []

<images/GIMP.jpg, id=609, 1112.155pt x 1112.155pt>
File: images/GIMP.jpg Graphic file (type jpg)
 <use images/GIMP.jpg>
Package pdftex.def Info: images/GIMP.jpg used on input line 292.
(pdftex.def)             Requested size: 88.97421pt x 88.97421pt.

[29]
Underfull \hbox (badness 10000) in paragraph at lines 295--296

 []

<images/feats.png, id=614, 1027.84pt x 770.88pt>
File: images/feats.png Graphic file (type png)
 <use images/feats.png>
Package pdftex.def Info: images/feats.png used on input line 302.
(pdftex.def)             Requested size: 205.56436pt x 154.17326pt.

Underfull \hbox (badness 10000) in paragraph at lines 298--305

 []


Underfull \hbox (badness 10000) in paragraph at lines 306--315

 []


Underfull \hbox (badness 10000) in paragraph at lines 306--315

 []


Underfull \hbox (badness 10000) in paragraph at lines 306--315

 []


Underfull \hbox (badness 10000) in paragraph at lines 306--315

 []

[30 <./images/GIMP.jpg> <./images/feats.png (PNG copy)>] [31]
Underfull \hbox (badness 10000) in paragraph at lines 342--343

 []


Underfull \hbox (badness 10000) in paragraph at lines 342--343

 []


Underfull \hbox (badness 10000) in paragraph at lines 387--391

 []


Underfull \hbox (badness 10000) in paragraph at lines 387--391

 []


Underfull \hbox (badness 10000) in paragraph at lines 387--391

 []

[32] <images/ganttchart.png, id=638, 718.18312pt x 391.4625pt>
File: images/ganttchart.png Graphic file (type png)

<use images/ganttchart.png>
Package pdftex.def Info: images/ganttchart.png used on input line 411.
(pdftex.def)             Requested size: 287.26816pt x 156.58221pt.


LaTeX Warning: `!h' float specifier changed to `!ht'.

<images/pert.png, id=639, 466.74374pt x 384.6872pt>
File: images/pert.png Graphic file (type png)
 <use images/pert.png>
Package pdftex.def Info: images/pert.png used on input line 420.
(pdftex.def)             Requested size: 186.69418pt x 153.87215pt.

Underfull \hbox (badness 10000) in paragraph at lines 416--425

 []

[33] [34 <./images/ganttchart.png> <./images/pert.png>]
Missing character: There is no ‚ in font cmr12!
Missing character: There is no Ä in font cmr12!
Missing character: There is no ô in font cmr12!
 [35]
Missing character: There is no ‚ in font cmr12!
Missing character: There is no Ä in font cmr12!
Missing character: There is no ô in font cmr12!
) [36]
Chapter 5.
(./input/php.tex

Package hyperref Warning: Difference (2) between bookmark levels is greater 
(hyperref)                than one, level fixed on input line 1.


Underfull \hbox (badness 10000) in paragraph at lines 2--3

 []


Underfull \hbox (badness 10000) in paragraph at lines 2--3

 []


Underfull \hbox (badness 10000) in paragraph at lines 4--12

 []


Underfull \hbox (badness 10000) in paragraph at lines 4--12

 []


Underfull \hbox (badness 10000) in paragraph at lines 4--12

 []


Underfull \hbox (badness 10000) in paragraph at lines 4--12

 []


Underfull \hbox (badness 10000) in paragraph at lines 15--16

 []


Underfull \hbox (badness 10000) in paragraph at lines 15--16

 []

[37

] <images/dxf1.png, id=691, 864.22874pt x 542.025pt>
File: images/dxf1.png Graphic file (type png)
 <use images/dxf1.png>
Package pdftex.def Info: images/dxf1.png used on input line 21.
(pdftex.def)             Requested size: 172.84268pt x 108.40308pt.

<images/dxf2.png, id=692, 663.47874pt x 488.82625pt>
File: images/dxf2.png Graphic file (type png)
 <use images/dxf2.png>
Package pdftex.def Info: images/dxf2.png used on input line 27.
(pdftex.def)             Requested size: 132.69339pt x 97.7635pt.

<images/dxf3.png, id=693, 791.95876pt x 557.08125pt>
File: images/dxf3.png Graphic file (type png)
 <use images/dxf3.png>
Package pdftex.def Info: images/dxf3.png used on input line 34.
(pdftex.def)             Requested size: 158.38895pt x 111.41428pt.


LaTeX Warning: `!h' float specifier changed to `!ht'.

<images/dxf4.png, id=694, 703.62875pt x 488.82625pt>
File: images/dxf4.png Graphic file (type png)
 <use images/dxf4.png>
Package pdftex.def Info: images/dxf4.png used on input line 41.
(pdftex.def)             Requested size: 140.72325pt x 97.7635pt.


LaTeX Warning: `!h' float specifier changed to `!ht'.

<images/dxf5.png, id=695, 1371.1225pt x 770.88pt>
File: images/dxf5.png Graphic file (type png)
 <use images/dxf5.png>
Package pdftex.def Info: images/dxf5.png used on input line 48.
(pdftex.def)             Requested size: 274.21964pt x 154.17326pt.


LaTeX Warning: `!h' float specifier changed to `!ht'.


Underfull \hbox (badness 10000) in paragraph at lines 54--55

 []

[38 <./images/dxf1.png> <./images/dxf2.png>]
<images/gnefiles.png, id=700, 1371.1225pt x 770.88pt>
File: images/gnefiles.png Graphic file (type png)

<use images/gnefiles.png>
Package pdftex.def Info: images/gnefiles.png used on input line 60.
(pdftex.def)             Requested size: 274.21964pt x 154.17326pt.


LaTeX Warning: `!h' float specifier changed to `!ht'.

<images/gne2files.png, id=701, 1371.1225pt x 770.88pt>
File: images/gne2files.png Graphic file (type png)

<use images/gne2files.png>
Package pdftex.def Info: images/gne2files.png used on input line 67.
(pdftex.def)             Requested size: 274.21964pt x 154.17326pt.


LaTeX Warning: `!h' float specifier changed to `!ht'.

<images/gne1.png, id=702, 1127.21124pt x 408.52625pt>
File: images/gne1.png Graphic file (type png)
 <use images/gne1.png>
Package pdftex.def Info: images/gne1.png used on input line 74.
(pdftex.def)             Requested size: 225.43825pt x 81.7038pt.


LaTeX Warning: `!h' float specifier changed to `!ht'.

<images/gne2.png, id=703, 1103.12125pt x 458.71375pt>
File: images/gne2.png Graphic file (type png)
 <use images/gne2.png>
Package pdftex.def Info: images/gne2.png used on input line 81.
(pdftex.def)             Requested size: 220.62033pt x 91.74112pt.

[39 <./images/dxf3.png> <./images/dxf4.png> <./images/dxf5.png>]
<images/gne3.png, id=711, 1088.065pt x 539.01375pt>
File: images/gne3.png Graphic file (type png)
 <use images/gne3.png>
Package pdftex.def Info: images/gne3.png used on input line 88.
(pdftex.def)             Requested size: 217.60915pt x 107.80083pt.

[40 <./images/gnefiles.png> <./images/gne2files.png> <./images/gne1.png> <./ima
ges/gne2.png>] <images/gnefinal.png, id=717, 1371.1225pt x 770.88pt>
File: images/gnefinal.png Graphic file (type png)

<use images/gnefinal.png>
Package pdftex.def Info: images/gnefinal.png used on input line 95.
(pdftex.def)             Requested size: 274.21964pt x 154.17326pt.

<images/gneoutput.png, id=718, 1371.1225pt x 770.88pt>
File: images/gneoutput.png Graphic file (type png)

<use images/gneoutput.png>
Package pdftex.def Info: images/gneoutput.png used on input line 102.
(pdftex.def)             Requested size: 274.21964pt x 154.17326pt.
 [41 <./images/gne3.png> <./images/gnefinal.png> <./images/gneoutput.png>] <ima
ges/ecad2.png, id=726, 727.71875pt x 349.305pt>
File: images/ecad2.png Graphic file (type png)

<use images/ecad2.png>
Package pdftex.def Info: images/ecad2.png used on input line 112.
(pdftex.def)             Requested size: 218.3173pt x 104.7923pt.
 <images/ecad3.png, id=727, 727.71875pt x 415.5525pt>
File: images/ecad3.png Graphic file (type png)

<use images/ecad3.png>
Package pdftex.def Info: images/ecad3.png used on input line 119.
(pdftex.def)             Requested size: 218.3173pt x 124.6667pt.
 <images/ecad4.png, id=728, 727.71875pt x 444.66125pt>
File: images/ecad4.png Graphic file (type png)

<use images/ecad4.png>
Package pdftex.def Info: images/ecad4.png used on input line 126.
(pdftex.def)             Requested size: 218.3173pt x 133.3994pt.
 <images/ecadfiles.png, id=729, 724.7075pt x 441.65pt>
File: images/ecadfiles.png Graphic file (type png)

<use images/ecadfiles.png>
Package pdftex.def Info: images/ecadfiles.png used on input line 133.
(pdftex.def)             Requested size: 217.41393pt x 132.49602pt.
 [42 <./images/ecad2.png> <./images/ecad3.png> <./images/ecad4.png>]
Underfull \hbox (badness 10000) in paragraph at lines 141--142

 []

<images/1.png, id=738, 724.7075pt x 422.57875pt>
File: images/1.png Graphic file (type png)
 <use images/1.png>
Package pdftex.def Info: images/1.png used on input line 146.
(pdftex.def)             Requested size: 217.41393pt x 126.7746pt.

<images/2.png, id=739, 726.715pt x 433.62pt>
File: images/2.png Graphic file (type png)
 <use images/2.png>
Package pdftex.def Info: images/2.png used on input line 153.
(pdftex.def)             Requested size: 218.01617pt x 130.087pt.


LaTeX Warning: `!h' float specifier changed to `!ht'.

<images/3.png, id=740, 728.7225pt x 448.67625pt>
File: images/3.png Graphic file (type png)
 <use images/3.png>
Package pdftex.def Info: images/3.png used on input line 160.
(pdftex.def)             Requested size: 218.61844pt x 134.60391pt.


LaTeX Warning: `!h' float specifier changed to `!ht'.

<images/5.png, id=741, 719.68875pt x 452.69125pt>
File: images/5.png Graphic file (type png)
 <use images/5.png>
Package pdftex.def Info: images/5.png used on input line 167.
(pdftex.def)             Requested size: 215.9083pt x 135.80841pt.
 [43 <./images/ecadfiles.png> <./images/1.png>]
<images/6.png, id=751, 718.685pt x 444.66125pt>
File: images/6.png Graphic file (type png)
 <use images/6.png>
Package pdftex.def Info: images/6.png used on input line 174.
(pdftex.def)             Requested size: 215.60716pt x 133.3994pt.


LaTeX Warning: `!h' float specifier changed to `!ht'.

) [44 <./images/2.png> <./images/3.png> <./images/5.png>] [45 <./images/6.png>]
Chapter 6.
(./input/mysql.tex

Package hyperref Warning: Difference (2) between bookmark levels is greater 
(hyperref)                than one, level fixed on input line 1.

) [46

] (./input/bibliography.tex) 
AED: lastpage setting LastPage
[47

]

! LaTeX Error: \begin{itemize} on input line 131 ended by \end{document}.

See the LaTeX manual or LaTeX Companion for explanation.
Type  H <return>  for immediate help.
 ...                                              
                                                  
l.116 \end{document}
                    
? 
Package atveryend Info: Empty hook `BeforeClearDocument' on input line 116.
Package atveryend Info: Empty hook `AfterLastShipout' on input line 116.
(./report.aux)
Package atveryend Info: Executing hook `AtVeryEndDocument' on input line 116.
Package atveryend Info: Executing hook `AtEndAfterFileList' on input line 116.


Package rerunfilecheck Warning: File `report.out' has changed.
(rerunfilecheck)                Rerun to get outlines right
(rerunfilecheck)                or use package `bookmark'.

Package rerunfilecheck Info: Checksums for `report.out':
(rerunfilecheck)             Before: D92BABF7DE2ED821D9A9A0B5BA25FF14;5456
(rerunfilecheck)             After:  3EBC9EC3F1743A083C46D04D36112697;5521.

LaTeX Warning: Label(s) may have changed. Rerun to get cross-references right.

Package atveryend Info: Empty hook `AtVeryVeryEnd' on input line 116.
 )
(\end occurred inside a group at level 1)

### semi simple group (level 1) entered at line 131 (\begingroup)
### bottom level 
Here is how much of TeX's memory you used:
 7116 strings out of 493304
 102986 string characters out of 6139870
 189766 words of memory out of 5000000
 10190 multiletter control sequences out of 15000+600000
 14781 words of font info for 57 fonts, out of 8000000 for 9000
 957 hyphenation exceptions out of 8191
 36i,8n,44p,1574b,710s stack positions out of 5000i,500n,10000p,200000b,80000s
</usr/share/texlive/texmf-dist/fonts/type1/public/amsfonts/cm/c
mbx10.pfb></usr/share/texlive/texmf-dist/fonts/type1/public/amsfonts/cm/cmbx12.
pfb></usr/share/texlive/texmf-dist/fonts/type1/public/amsfonts/cm/cmmi12.pfb></
usr/share/texlive/texmf-dist/fonts/type1/public/amsfonts/cm/cmmi8.pfb></usr/sha
re/texlive/texmf-dist/fonts/type1/public/amsfonts/cm/cmr12.pfb></usr/share/texl
ive/texmf-dist/fonts/type1/public/amsfonts/cm/cmr8.pfb></usr/share/texlive/texm
f-dist/fonts/type1/public/amsfonts/cm/cmsy10.pfb></usr/share/texlive/texmf-dist
/fonts/type1/public/amsfonts/cm/cmti12.pfb></usr/share/texlive/texmf-dist/fonts
/type1/public/amsfonts/cm/cmtt12.pfb>
Output written on report.pdf (54 pages, 3023141 bytes).
PDF statistics:
 863 PDF objects out of 1000 (max. 8388607)
 750 compressed objects within 8 object streams
 233 named destinations out of 1000 (max. 500000)
 746 words of extra memory for PDF output out of 10000 (max. 10000000)

