\BOOKMARK [0][]{chapter.1}{Introduction To Organisation}{}% 1
\BOOKMARK [1][]{subsection.1.0.1}{Testing and Consutancy Cell}{chapter.1}% 2
\BOOKMARK [2][]{subsection.1.0.2}{Introduction to Project}{subsection.1.0.1}% 3
\BOOKMARK [2][]{subsection.1.0.3}{Software requirements}{subsection.1.0.1}% 4
\BOOKMARK [2][]{subsection.1.0.4}{Project Category}{subsection.1.0.1}% 5
\BOOKMARK [2][]{subsection.1.0.5}{Objectives}{subsection.1.0.1}% 6
\BOOKMARK [2][]{subsection.1.0.6}{Problem Formulation and Reorganization of Need}{subsection.1.0.1}% 7
\BOOKMARK [2][]{subsection.1.0.7}{Existing System}{subsection.1.0.1}% 8
\BOOKMARK [2][]{subsection.1.0.8}{Proposed System}{subsection.1.0.1}% 9
\BOOKMARK [2][]{subsection.1.0.9}{Unique Features of the System}{subsection.1.0.1}% 10
\BOOKMARK [0][]{chapter.2}{Requirement Analysis and Specification}{}% 11
\BOOKMARK [1][]{subsection.2.0.10}{ Feasibility study }{chapter.2}% 12
\BOOKMARK [2][]{subsection.2.0.11}{Software requirement specification document}{subsection.2.0.10}% 13
\BOOKMARK [2][]{subsection.2.0.12}{Function Requirement}{subsection.2.0.10}% 14
\BOOKMARK [2][]{subsection.2.0.13}{Non Functional Requirements}{subsection.2.0.10}% 15
\BOOKMARK [2][]{subsection.2.0.14}{Software and Hardware Requirement}{subsection.2.0.10}% 16
\BOOKMARK [2][]{subsection.2.0.15}{Software requirements}{subsection.2.0.10}% 17
\BOOKMARK [2][]{subsection.2.0.16}{Hardware Requirements}{subsection.2.0.10}% 18
\BOOKMARK [2][]{subsection.2.0.17}{ Validation}{subsection.2.0.10}% 19
\BOOKMARK [2][]{subsection.2.0.18}{Expected hurdles}{subsection.2.0.10}% 20
\BOOKMARK [2][]{subsection.2.0.19}{Regular Expression}{subsection.2.0.10}% 21
\BOOKMARK [2][]{subsection.2.0.20}{LaTeX}{subsection.2.0.10}% 22
\BOOKMARK [2][]{subsection.2.0.21}{Github}{subsection.2.0.10}% 23
\BOOKMARK [2][]{subsection.2.0.22}{BNF Grammer}{subsection.2.0.10}% 24
\BOOKMARK [2][]{subsection.2.0.23}{File format specifications}{subsection.2.0.10}% 25
\BOOKMARK [2][]{subsection.2.0.24}{SDLC model to be used}{subsection.2.0.10}% 26
\BOOKMARK [0][]{chapter.3}{System Design}{}% 27
\BOOKMARK [1][]{subsection.3.0.25}{ Design Approach \(Function oriented or Object oriented\)}{chapter.3}% 28
\BOOKMARK [2][]{subsection.3.0.26}{SA/SD methodology}{subsection.3.0.25}% 29
\BOOKMARK [2][]{subsection.3.0.27}{Detail Design}{subsection.3.0.25}% 30
\BOOKMARK [2][]{subsection.3.0.28}{System Design using design tools}{subsection.3.0.25}% 31
\BOOKMARK [2][]{subsection.3.0.29}{User Interface Design}{subsection.3.0.25}% 32
\BOOKMARK [2][]{subsection.3.0.30}{Methodology}{subsection.3.0.25}% 33
\BOOKMARK [0][]{chapter.4}{Implementation ,Testing and Maintenance}{}% 34
\BOOKMARK [1][]{subsection.4.0.31}{Why we use Flex and Bison tools for parsing?}{chapter.4}% 35
\BOOKMARK [2][]{subsection.4.0.32}{lex vs. flex, yacc vs. bison}{subsection.4.0.31}% 36
\BOOKMARK [2][]{subsection.4.0.33}{flex: The Fast Lexical Analyzer}{subsection.4.0.31}% 37
\BOOKMARK [2][]{subsection.4.0.34}{Bison}{subsection.4.0.31}% 38
\BOOKMARK [2][]{subsection.4.0.35}{Main concepts of Bison}{subsection.4.0.31}% 39
\BOOKMARK [2][]{subsection.4.0.36}{Languages and Context-Free Grammars}{subsection.4.0.31}% 40
\BOOKMARK [2][]{subsection.4.0.37}{DXF File Format}{subsection.4.0.31}% 41
\BOOKMARK [2][]{subsection.4.0.38}{General File Structure}{subsection.4.0.31}% 42
\BOOKMARK [2][]{subsection.4.0.39}{Libraries Used in DXF Converter}{subsection.4.0.31}% 43
\BOOKMARK [2][]{subsection.4.0.40}{dxflib}{subsection.4.0.31}% 44
\BOOKMARK [2][]{subsection.4.0.41}{Group Codes}{subsection.4.0.31}% 45
\BOOKMARK [2][]{subsection.4.0.42}{DXF CLASSES Section}{subsection.4.0.31}% 46
\BOOKMARK [2][]{subsection.4.0.43}{DXF TABLES Section}{subsection.4.0.31}% 47
\BOOKMARK [2][]{subsection.4.0.44}{Introduction to LaTeX}{subsection.4.0.31}% 48
\BOOKMARK [2][]{subsection.4.0.45}{Installing LaTeX on System}{subsection.4.0.31}% 49
\BOOKMARK [2][]{subsection.4.0.46}{Regular Expression}{subsection.4.0.31}% 50
\BOOKMARK [2][]{subsection.4.0.47}{Github}{subsection.4.0.31}% 51
\BOOKMARK [2][]{subsection.4.0.48}{shell scripting}{subsection.4.0.31}% 52
\BOOKMARK [2][]{subsection.4.0.49}{Lua- Programming Language}{subsection.4.0.31}% 53
\BOOKMARK [2][]{subsection.4.0.50}{GIMP}{subsection.4.0.31}% 54
\BOOKMARK [2][]{subsection.4.0.51}{Features:}{subsection.4.0.31}% 55
\BOOKMARK [1][]{section.4.1}{Coding standards of Language used}{chapter.4}% 56
\BOOKMARK [1][]{section.4.2}{Project Scheduling}{chapter.4}% 57
\BOOKMARK [2][]{subsection.4.2.1}{Gantt Charts}{section.4.2}% 58
\BOOKMARK [2][]{subsection.4.2.2}{PERT Chart}{section.4.2}% 59
\BOOKMARK [1][]{section.4.3}{Testing Techniques and Test Plans}{chapter.4}% 60
\BOOKMARK [0][]{chapter.5}{Results and Discussions}{}% 61
\BOOKMARK [1][]{subsection.5.0.1}{User Interface Representation}{chapter.5}% 62
\BOOKMARK [2][]{subsection.5.0.2}{Brief Description of Various Modules of the system}{subsection.5.0.1}% 63
\BOOKMARK [2][]{subsection.5.0.3}{Snapshots of system with brief detail of each}{subsection.5.0.1}% 64
\BOOKMARK [2][]{subsection.5.0.4}{DXF Converter}{subsection.5.0.1}% 65
\BOOKMARK [2][]{subsection.5.0.5}{GD-GNE Converter}{subsection.5.0.1}% 66
\BOOKMARK [2][]{subsection.5.0.6}{XCAD-ECAD Converter}{subsection.5.0.1}% 67
\BOOKMARK [2][]{subsection.5.0.7}{Felt-Staad-Pro Converter}{subsection.5.0.1}% 68
\BOOKMARK [0][]{chapter.6}{Conclusion and Future Scope }{}% 69
\BOOKMARK [1][]{subsection.6.0.8}{Conclusion:}{chapter.6}% 70
\BOOKMARK [2][]{subsection.6.0.9}{Future Scope:}{subsection.6.0.8}% 71
